2014-11-22T07:49:54+00:00 DEBUG (7): ST License Key not found. Merchant can create or connect their account in the Sweet Tooth configuration.
2014-11-23T04:17:58+00:00 DEBUG (7): [error] There was a problem rewarding customer  (ID: ) for following on Twitter: 
exception 'Exception' with message 'You must be logged in for us to reward you for following us on Twitter!' in /home/hybrid/public_html/app/code/community/TBT/Rewardssocial/controllers/IndexController.php:134
Stack trace:
#0 /home/hybrid/public_html/app/code/core/Mage/Core/Controller/Varien/Action.php(418): TBT_Rewardssocial_IndexController->processFollowAction()
#1 /home/hybrid/public_html/app/code/core/Mage/Core/Controller/Varien/Router/Standard.php(250): Mage_Core_Controller_Varien_Action->dispatch('processFollow')
#2 /home/hybrid/public_html/app/code/community/BalkeTechnologies/StoreMaintenance/Controller/Router/Standard.php(91): Mage_Core_Controller_Varien_Router_Standard->match(Object(Mage_Core_Controller_Request_Http))
#3 /home/hybrid/public_html/app/code/core/Mage/Core/Controller/Varien/Front.php(172): BalkeTechnologies_StoreMaintenance_Controller_Router_Standard->match(Object(Mage_Core_Controller_Request_Http))
#4 /home/hybrid/public_html/app/code/core/Mage/Core/Model/App.php(354): Mage_Core_Controller_Varien_Front->dispatch()
#5 /home/hybrid/public_html/app/Mage.php(684): Mage_Core_Model_App->run(Array)
#6 /home/hybrid/public_html/index.php(90): Mage::run('default', 'store')
#7 {main}
2014-11-23T05:00:03+00:00 DEBUG (7): Unable to send Points Expiry Emails. The cron executed less than 24 hours ago.
2014-11-23T13:08:40+00:00 DEBUG (7): [error] There was a problem rewarding customer  (ID: ) for sharing a product () on Facebook: No product found to reward sharing on Facebook
2014-11-25T05:00:04+00:00 DEBUG (7): Unable to send Points Expiry Emails. The cron executed less than 24 hours ago.
2014-11-27T05:00:03+00:00 DEBUG (7): Unable to send Points Expiry Emails. The cron executed less than 24 hours ago.
2014-11-29T05:00:04+00:00 DEBUG (7): Unable to send Points Expiry Emails. The cron executed less than 24 hours ago.
2014-12-01T05:00:05+00:00 DEBUG (7): Unable to send Points Expiry Emails. The cron executed less than 24 hours ago.
2014-12-02T02:01:50+00:00 DEBUG (7): [error] There was a problem rewarding customer  (ID: ) for tweeting about a page (): You must be logged in for us to reward you for tweeting.
2014-12-02T15:48:53+00:00 DEBUG (7): [error] There was a problem rewarding customer  (ID: ) for +1'ing this page () on Google+: You must be logged in for us to reward you for +1'ing a page!
2014-12-03T05:00:05+00:00 DEBUG (7): Unable to send Points Expiry Emails. The cron executed less than 24 hours ago.
2014-12-05T05:00:05+00:00 DEBUG (7): Unable to send Points Expiry Emails. The cron executed less than 24 hours ago.
2014-12-07T05:00:03+00:00 DEBUG (7): Unable to send Points Expiry Emails. The cron executed less than 24 hours ago.
2014-12-09T05:00:02+00:00 DEBUG (7): Unable to send Points Expiry Emails. The cron executed less than 24 hours ago.
2014-12-11T05:00:02+00:00 DEBUG (7): Unable to send Points Expiry Emails. The cron executed less than 24 hours ago.
2014-12-13T05:00:04+00:00 DEBUG (7): Unable to send Points Expiry Emails. The cron executed less than 24 hours ago.
2014-12-15T05:00:04+00:00 DEBUG (7): Unable to send Points Expiry Emails. The cron executed less than 24 hours ago.
2014-12-17T05:00:03+00:00 DEBUG (7): Unable to send Points Expiry Emails. The cron executed less than 24 hours ago.
2014-12-19T04:15:05+00:00 DEBUG (7): [error] There was a problem rewarding customer  (ID: ) for sharing a product (383) on Facebook: You must be logged in for us to reward you for sharing a product on Facebook!
2014-12-19T04:16:40+00:00 DEBUG (7): [error] There was a problem rewarding customer  (ID: ) for tweeting about a page (http://www.capevapes.com/kanger-subtank): You must be logged in for us to reward you for tweeting.
2014-12-19T05:00:04+00:00 DEBUG (7): Unable to send Points Expiry Emails. The cron executed less than 24 hours ago.
2014-12-19T05:05:43+00:00 DEBUG (7): [error] There was a problem rewarding customer  (ID: ) for +1'ing this page (http://www.capevapes.com/kanger-subtank) on Google+: You must be logged in for us to reward you for +1'ing a page!
2014-12-21T05:00:03+00:00 DEBUG (7): Unable to send Points Expiry Emails. The cron executed less than 24 hours ago.
